AH00558: httpd.exe: Could not reliably determine the server's fully qualified domain name, using fe80::d9bf:2deb:be24:399e. Set the 'ServerName' directive globally to suppress this message
[Wed Jul 21 17:07:09.015016 2021] [mpm_winnt:notice] [pid 126016:tid 792] AH00455: Apache/2.4.48 (Win64) configured -- resuming normal operations
[Wed Jul 21 17:07:09.019003 2021] [mpm_winnt:notice] [pid 126016:tid 792] AH00456: Apache Lounge VS16 Server built: May 18 2021 10:45:56
[Wed Jul 21 17:07:09.019003 2021] [core:notice] [pid 126016:tid 792] AH00094: Command line: 'C:\\Apache24\\bin\\httpd.exe -d C:/Apache24'
[Wed Jul 21 17:07:09.042943 2021] [mpm_winnt:notice] [pid 126016:tid 792] AH00418: Parent: Created child process 132876
AH00558: httpd.exe: Could not reliably determine the server's fully qualified domain name, using fe80::d9bf:2deb:be24:399e. Set the 'ServerName' directive globally to suppress this message
AH00558: httpd.exe: Could not reliably determine the server's fully qualified domain name, using fe80::d9bf:2deb:be24:399e. Set the 'ServerName' directive globally to suppress this message
[Wed Jul 21 17:07:12.771294 2021] [mpm_winnt:notice] [pid 132876:tid 716] AH00354: Child: Starting 64 worker threads.
The 'Apache2.4' service is restarting.
The 'Apache2.4' service has restarted.
winnt:notice] [pid 126016:tid 792] AH00424: Parent: Received restart signal -- Restarting the server.
AH00558: httpd.exe: Could not reliably determine the server's fully qualified domain name, using fe80::d9bf:2deb:be24:399e. Set the 'ServerName' directive globally to suppress this message
[Wed Jul 21 17:23:58.318536 2021] [mpm_winnt:notice] [pid 126016:tid 792] AH00455: Apache/2.4.48 (Win64) configured -- resuming normal operations
[Wed Jul 21 17:23:58.320520 2021] [mpm_winnt:notice] [pid 126016:tid 792] AH00456: Apache Lounge VS16 Server built: May 18 2021 10:45:56
[Wed Jul 21 17:23:58.320520 2021] [core:notice] [pid 126016:tid 792] AH00094: Command line: 'C:\\Apache24\\bin\\httpd.exe -d C:/Apache24'
[Wed Jul 21 17:23:58.350591 2021] [mpm_winnt:notice] [pid 126016:tid 792] AH00418: Parent: Created child process 129196
AH00558: httpd.exe: Could not reliably determine the server's fully qualified domain name, using fe80::d9bf:2deb:be24:399e. Set the 'ServerName' directive globally to suppress this message
AH00558: httpd.exe: Could not reliably determine the server's fully qualified domain name, using fe80::d9bf:2deb:be24:399e. Set the 'ServerName' directive globally to suppress this message
[Wed Jul 21 17:24:03.251006 2021] [mpm_winnt:notice] [pid 129196:tid 732] AH00354: Child: Starting 64 worker threads.
The 'Apache2.4' service is restarting.
The 'Apache2.4' service has restarted.
winnt:notice] [pid 126016:tid 792] AH00424: Parent: Received restart signal -- Restarting the server.
[Wed Jul 21 17:25:51.979418 2021] [mpm_winnt:notice] [pid 126016:tid 792] AH00455: Apache/2.4.48 (Win64) PHP/8.0.8 configured -- resuming normal operations
[Wed Jul 21 17:25:51.980378 2021] [mpm_winnt:notice] [pid 126016:tid 792] AH00456: Apache Lounge VS16 Server built: May 18 2021 10:45:56
[Wed Jul 21 17:25:51.980378 2021] [core:notice] [pid 126016:tid 792] AH00094: Command line: 'C:\\Apache24\\bin\\httpd.exe -d C:/Apache24'
[Wed Jul 21 17:25:52.008351 2021] [mpm_winnt:notice] [pid 126016:tid 792] AH00418: Parent: Created child process 141084
[Wed Jul 21 17:25:53.922480 2021] [mpm_winnt:notice] [pid 129196:tid 732] AH00364: Child: All worker threads have exited.
[Wed Jul 21 17:25:55.279985 2021] [mpm_winnt:notice] [pid 141084:tid 568] AH00354: Child: Starting 64 worker threads.
[Wed Jul 21 17:34:04.364325 2021] [php:error] [pid 141084:tid 1068] [client ::1:65122] PHP Parse error:  syntax error, unexpected identifier "info" in C:\\Apache24\\htdocs\\index.php on line 2
[Wed Jul 21 17:35:07.557759 2021] [php:error] [pid 141084:tid 1080] [client ::1:64266] PHP Parse error:  syntax error, unexpected identifier "info" in C:\\Apache24\\htdocs\\index.php on line 2
[Wed Jul 21 17:35:08.418532 2021] [php:error] [pid 141084:tid 1080] [client ::1:64266] PHP Parse error:  syntax error, unexpected identifier "info" in C:\\Apache24\\htdocs\\index.php on line 2
[Wed Jul 21 17:39:25.103429 2021] [php:error] [pid 141084:tid 1068] [client ::1:49305] PHP Parse error:  syntax error, unexpected identifier "info" in C:\\Apache24\\htdocs\\index.php on line 2
[Wed Jul 21 17:39:27.104872 2021] [php:error] [pid 141084:tid 1068] [client ::1:49305] PHP Parse error:  syntax error, unexpected identifier "info" in C:\\Apache24\\htdocs\\index.php on line 2
